2025/03/04 17:44:44 [notice] 1#1: using the "epoll" event method
2025/03/04 17:44:44 [notice] 1#1: nginx/1.27.4
2025/03/04 17:44:44 [notice] 1#1: built by gcc 14.2.0 (Alpine 14.2.0) 
2025/03/04 17:44:44 [notice] 1#1: OS: Linux 6.10.14-linuxkit
2025/03/04 17:44:44 [notice] 1#1: getrlimit(RLIMIT_NOFILE): 1048576:1048576
2025/03/04 17:44:44 [notice] 1#1: start worker processes
2025/03/04 17:44:44 [notice] 1#1: start worker process 29
2025/03/04 17:44:44 [notice] 1#1: start worker process 30
2025/03/04 17:44:44 [notice] 1#1: start worker process 31
2025/03/04 17:44:44 [notice] 1#1: start worker process 32
2025/03/04 17:44:44 [notice] 1#1: start worker process 33
2025/03/04 17:44:44 [notice] 1#1: start worker process 34
2025/03/04 17:44:44 [notice] 1#1: start worker process 35
2025/03/04 17:44:44 [notice] 1#1: start worker process 36
2025/03/04 19:20:15 [notice] 1#1: signal 3 (SIGQUIT) received, shutting down
2025/03/04 19:20:15 [notice] 29#29: gracefully shutting down
2025/03/04 19:20:15 [notice] 35#35: gracefully shutting down
2025/03/04 19:20:15 [notice] 32#32: gracefully shutting down
2025/03/04 19:20:15 [notice] 36#36: gracefully shutting down
2025/03/04 19:20:15 [notice] 30#30: gracefully shutting down
2025/03/04 19:20:15 [notice] 30#30: exiting
2025/03/04 19:20:15 [notice] 33#33: gracefully shutting down
2025/03/04 19:20:15 [notice] 31#31: gracefully shutting down
2025/03/04 19:20:15 [notice] 34#34: gracefully shutting down
2025/03/04 19:20:15 [notice] 29#29: exiting
2025/03/04 19:20:15 [notice] 35#35: exiting
2025/03/04 19:20:15 [notice] 32#32: exiting
2025/03/04 19:20:15 [notice] 36#36: exiting
2025/03/04 19:20:15 [notice] 30#30: exit
2025/03/04 19:20:15 [notice] 33#33: exiting
2025/03/04 19:20:15 [notice] 31#31: exiting
2025/03/04 19:20:15 [notice] 33#33: exit
2025/03/04 19:20:15 [notice] 34#34: exiting
2025/03/04 19:20:15 [notice] 29#29: exit
2025/03/04 19:20:15 [notice] 35#35: exit
2025/03/04 19:20:15 [notice] 32#32: exit
2025/03/04 19:20:15 [notice] 36#36: exit
2025/03/04 19:20:15 [notice] 31#31: exit
2025/03/04 19:20:15 [notice] 34#34: exit
2025/03/04 19:20:15 [notice] 1#1: signal 17 (SIGCHLD) received from 35
2025/03/04 19:20:15 [notice] 1#1: worker process 29 exited with code 0
2025/03/04 19:20:15 [notice] 1#1: worker process 30 exited with code 0
2025/03/04 19:20:15 [notice] 1#1: worker process 33 exited with code 0
2025/03/04 19:20:15 [notice] 1#1: worker process 35 exited with code 0
2025/03/04 19:20:15 [notice] 1#1: signal 29 (SIGIO) received
2025/03/04 19:20:15 [notice] 1#1: signal 17 (SIGCHLD) received from 30
2025/03/04 19:20:15 [notice] 1#1: signal 17 (SIGCHLD) received from 34
2025/03/04 19:20:15 [notice] 1#1: worker process 31 exited with code 0
2025/03/04 19:20:15 [notice] 1#1: worker process 34 exited with code 0
2025/03/04 19:20:15 [notice] 1#1: worker process 36 exited with code 0
2025/03/04 19:20:15 [notice] 1#1: worker process 32 exited with code 0
2025/03/04 19:20:15 [notice] 1#1: exit
2025/03/05 06:17:27 [notice] 1#1: using the "epoll" event method
2025/03/05 06:17:27 [notice] 1#1: nginx/1.27.4
2025/03/05 06:17:27 [notice] 1#1: built by gcc 14.2.0 (Alpine 14.2.0) 
2025/03/05 06:17:27 [notice] 1#1: OS: Linux 6.10.14-linuxkit
2025/03/05 06:17:27 [notice] 1#1: getrlimit(RLIMIT_NOFILE): 1048576:1048576
2025/03/05 06:17:27 [notice] 1#1: start worker processes
2025/03/05 06:17:27 [notice] 1#1: start worker process 29
2025/03/05 06:17:27 [notice] 1#1: start worker process 30
2025/03/05 06:17:27 [notice] 1#1: start worker process 31
2025/03/05 06:17:27 [notice] 1#1: start worker process 32
2025/03/05 06:17:27 [notice] 1#1: start worker process 33
2025/03/05 06:17:27 [notice] 1#1: start worker process 34
2025/03/05 06:17:27 [notice] 1#1: start worker process 35
2025/03/05 06:17:27 [notice] 1#1: start worker process 36
2025/03/05 09:43:55 [warn] 30#30: *58 an upstream response is buffered to a temporary file /var/cache/nginx/fastcgi_temp/1/00/0000000001 while reading upstream, client: 172.20.0.1, server: localhost, request: "GET /courts HTTP/1.1", upstream: "fastcgi://172.20.0.5:9000", host: "localhost"
2025/03/05 12:10:02 [notice] 1#1: signal 3 (SIGQUIT) received, shutting down
2025/03/05 12:10:02 [notice] 31#31: gracefully shutting down
2025/03/05 12:10:02 [notice] 29#29: gracefully shutting down
2025/03/05 12:10:02 [notice] 32#32: gracefully shutting down
2025/03/05 12:10:02 [notice] 32#32: exiting
2025/03/05 12:10:02 [notice] 34#34: gracefully shutting down
2025/03/05 12:10:02 [notice] 30#30: gracefully shutting down
2025/03/05 12:10:02 [notice] 36#36: gracefully shutting down
2025/03/05 12:10:02 [notice] 30#30: exiting
2025/03/05 12:10:02 [notice] 33#33: gracefully shutting down
2025/03/05 12:10:02 [notice] 31#31: exiting
2025/03/05 12:10:02 [notice] 35#35: gracefully shutting down
2025/03/05 12:10:02 [notice] 29#29: exiting
2025/03/05 12:10:02 [notice] 32#32: exit
2025/03/05 12:10:02 [notice] 29#29: exit
2025/03/05 12:10:02 [notice] 34#34: exiting
2025/03/05 12:10:02 [notice] 36#36: exiting
2025/03/05 12:10:02 [notice] 36#36: exit
2025/03/05 12:10:02 [notice] 30#30: exit
2025/03/05 12:10:02 [notice] 33#33: exiting
2025/03/05 12:10:02 [notice] 33#33: exit
2025/03/05 12:10:02 [notice] 31#31: exit
2025/03/05 12:10:02 [notice] 35#35: exiting
2025/03/05 12:10:02 [notice] 34#34: exit
2025/03/05 12:10:02 [notice] 35#35: exit
2025/03/05 12:10:02 [notice] 1#1: signal 17 (SIGCHLD) received from 33
2025/03/05 12:10:02 [notice] 1#1: worker process 30 exited with code 0
2025/03/05 12:10:02 [notice] 1#1: worker process 33 exited with code 0
2025/03/05 12:10:02 [notice] 1#1: signal 29 (SIGIO) received
2025/03/05 12:10:02 [notice] 1#1: signal 17 (SIGCHLD) received from 29
2025/03/05 12:10:02 [notice] 1#1: worker process 29 exited with code 0
2025/03/05 12:10:02 [notice] 1#1: worker process 31 exited with code 0
2025/03/05 12:10:02 [notice] 1#1: worker process 32 exited with code 0
2025/03/05 12:10:02 [notice] 1#1: worker process 34 exited with code 0
2025/03/05 12:10:02 [notice] 1#1: worker process 35 exited with code 0
2025/03/05 12:10:02 [notice] 1#1: worker process 36 exited with code 0
2025/03/05 12:10:02 [notice] 1#1: exit
2025/03/14 11:54:08 [notice] 1#1: using the "epoll" event method
2025/03/14 11:54:08 [notice] 1#1: nginx/1.27.4
2025/03/14 11:54:08 [notice] 1#1: built by gcc 14.2.0 (Alpine 14.2.0) 
2025/03/14 11:54:08 [notice] 1#1: OS: Linux 6.10.14-linuxkit
2025/03/14 11:54:08 [notice] 1#1: getrlimit(RLIMIT_NOFILE): 1048576:1048576
2025/03/14 11:54:08 [notice] 1#1: start worker processes
2025/03/14 11:54:08 [notice] 1#1: start worker process 29
2025/03/14 11:54:08 [notice] 1#1: start worker process 30
2025/03/14 11:54:08 [notice] 1#1: start worker process 31
2025/03/14 11:54:08 [notice] 1#1: start worker process 32
2025/03/14 11:54:08 [notice] 1#1: start worker process 33
2025/03/14 11:54:08 [notice] 1#1: start worker process 34
2025/03/14 11:54:08 [notice] 1#1: start worker process 35
2025/03/14 11:54:08 [notice] 1#1: start worker process 36
2025/03/14 18:53:19 [notice] 1#1: signal 3 (SIGQUIT) received, shutting down
2025/03/14 18:53:19 [notice] 29#29: gracefully shutting down
2025/03/14 18:53:19 [notice] 31#31: gracefully shutting down
2025/03/14 18:53:19 [notice] 34#34: gracefully shutting down
2025/03/14 18:53:19 [notice] 31#31: exiting
2025/03/14 18:53:19 [notice] 30#30: gracefully shutting down
2025/03/14 18:53:19 [notice] 36#36: gracefully shutting down
2025/03/14 18:53:19 [notice] 35#35: gracefully shutting down
2025/03/14 18:53:19 [notice] 32#32: gracefully shutting down
2025/03/14 18:53:19 [notice] 33#33: gracefully shutting down
2025/03/14 18:53:19 [notice] 29#29: exiting
2025/03/14 18:53:19 [notice] 34#34: exiting
2025/03/14 18:53:19 [notice] 31#31: exit
2025/03/14 18:53:19 [notice] 30#30: exiting
2025/03/14 18:53:19 [notice] 36#36: exiting
2025/03/14 18:53:19 [notice] 35#35: exiting
2025/03/14 18:53:19 [notice] 32#32: exiting
2025/03/14 18:53:19 [notice] 33#33: exiting
2025/03/14 18:53:19 [notice] 29#29: exit
2025/03/14 18:53:19 [notice] 34#34: exit
2025/03/14 18:53:19 [notice] 30#30: exit
2025/03/14 18:53:19 [notice] 36#36: exit
2025/03/14 18:53:19 [notice] 35#35: exit
2025/03/14 18:53:19 [notice] 32#32: exit
2025/03/14 18:53:19 [notice] 33#33: exit
2025/03/14 18:53:19 [notice] 1#1: signal 17 (SIGCHLD) received from 34
2025/03/14 18:53:19 [notice] 1#1: worker process 29 exited with code 0
2025/03/14 18:53:19 [notice] 1#1: worker process 30 exited with code 0
2025/03/14 18:53:19 [notice] 1#1: worker process 31 exited with code 0
2025/03/14 18:53:19 [notice] 1#1: worker process 34 exited with code 0
2025/03/14 18:53:19 [notice] 1#1: signal 29 (SIGIO) received
2025/03/14 18:53:19 [notice] 1#1: signal 17 (SIGCHLD) received from 33
2025/03/14 18:53:19 [notice] 1#1: worker process 32 exited with code 0
2025/03/14 18:53:19 [notice] 1#1: worker process 33 exited with code 0
2025/03/14 18:53:19 [notice] 1#1: worker process 35 exited with code 0
2025/03/14 18:53:19 [notice] 1#1: worker process 36 exited with code 0
2025/03/14 18:53:19 [notice] 1#1: exit
2025/03/17 19:10:46 [notice] 1#1: using the "epoll" event method
2025/03/17 19:10:46 [notice] 1#1: nginx/1.27.4
2025/03/17 19:10:46 [notice] 1#1: built by gcc 14.2.0 (Alpine 14.2.0) 
2025/03/17 19:10:46 [notice] 1#1: OS: Linux 6.10.14-linuxkit
2025/03/17 19:10:46 [notice] 1#1: getrlimit(RLIMIT_NOFILE): 1048576:1048576
2025/03/17 19:10:46 [notice] 1#1: start worker processes
2025/03/17 19:10:46 [notice] 1#1: start worker process 28
2025/03/17 19:10:46 [notice] 1#1: start worker process 29
2025/03/17 19:10:46 [notice] 1#1: start worker process 30
2025/03/17 19:10:46 [notice] 1#1: start worker process 31
2025/03/17 19:10:46 [notice] 1#1: start worker process 32
2025/03/17 19:10:46 [notice] 1#1: start worker process 33
2025/03/17 19:10:46 [notice] 1#1: start worker process 34
2025/03/17 19:10:46 [notice] 1#1: start worker process 35
2025/03/17 19:29:38 [notice] 1#1: signal 3 (SIGQUIT) received, shutting down
2025/03/17 19:29:38 [notice] 31#31: gracefully shutting down
2025/03/17 19:29:38 [notice] 32#32: gracefully shutting down
2025/03/17 19:29:38 [notice] 28#28: gracefully shutting down
2025/03/17 19:29:38 [notice] 35#35: gracefully shutting down
2025/03/17 19:29:38 [notice] 31#31: exiting
2025/03/17 19:29:38 [notice] 35#35: exiting
2025/03/17 19:29:38 [notice] 34#34: gracefully shutting down
2025/03/17 19:29:38 [notice] 28#28: exiting
2025/03/17 19:29:38 [notice] 29#29: gracefully shutting down
2025/03/17 19:29:38 [notice] 31#31: exit
2025/03/17 19:29:38 [notice] 33#33: gracefully shutting down
2025/03/17 19:29:38 [notice] 30#30: gracefully shutting down
2025/03/17 19:29:38 [notice] 32#32: exiting
2025/03/17 19:29:38 [notice] 35#35: exit
2025/03/17 19:29:38 [notice] 32#32: exit
2025/03/17 19:29:38 [notice] 34#34: exiting
2025/03/17 19:29:38 [notice] 28#28: exit
2025/03/17 19:29:38 [notice] 29#29: exiting
2025/03/17 19:29:38 [notice] 33#33: exiting
2025/03/17 19:29:38 [notice] 33#33: exit
2025/03/17 19:29:38 [notice] 30#30: exiting
2025/03/17 19:29:38 [notice] 34#34: exit
2025/03/17 19:29:38 [notice] 29#29: exit
2025/03/17 19:29:38 [notice] 30#30: exit
2025/03/17 19:29:38 [notice] 1#1: signal 17 (SIGCHLD) received from 35
2025/03/17 19:29:38 [notice] 1#1: worker process 28 exited with code 0
2025/03/17 19:29:38 [notice] 1#1: worker process 35 exited with code 0
2025/03/17 19:29:38 [notice] 1#1: signal 29 (SIGIO) received
2025/03/17 19:29:38 [notice] 1#1: signal 17 (SIGCHLD) received from 31
2025/03/17 19:29:38 [notice] 1#1: worker process 31 exited with code 0
2025/03/17 19:29:38 [notice] 1#1: worker process 29 exited with code 0
2025/03/17 19:29:38 [notice] 1#1: worker process 30 exited with code 0
2025/03/17 19:29:38 [notice] 1#1: worker process 32 exited with code 0
2025/03/17 19:29:38 [notice] 1#1: worker process 33 exited with code 0
2025/03/17 19:29:38 [notice] 1#1: worker process 34 exited with code 0
2025/03/17 19:29:38 [notice] 1#1: exit
2025/03/18 11:39:50 [notice] 1#1: using the "epoll" event method
2025/03/18 11:39:50 [notice] 1#1: nginx/1.27.4
2025/03/18 11:39:50 [notice] 1#1: built by gcc 14.2.0 (Alpine 14.2.0) 
2025/03/18 11:39:50 [notice] 1#1: OS: Linux 6.10.14-linuxkit
2025/03/18 11:39:50 [notice] 1#1: getrlimit(RLIMIT_NOFILE): 1048576:1048576
2025/03/18 11:39:50 [notice] 1#1: start worker processes
2025/03/18 11:39:50 [notice] 1#1: start worker process 28
2025/03/18 11:39:50 [notice] 1#1: start worker process 29
2025/03/18 11:39:50 [notice] 1#1: start worker process 30
2025/03/18 11:39:50 [notice] 1#1: start worker process 31
2025/03/18 11:39:50 [notice] 1#1: start worker process 32
2025/03/18 11:39:50 [notice] 1#1: start worker process 33
2025/03/18 11:39:50 [notice] 1#1: start worker process 34
2025/03/18 11:39:50 [notice] 1#1: start worker process 35
2025/03/19 19:34:44 [notice] 1#1: signal 3 (SIGQUIT) received, shutting down
2025/03/19 19:34:44 [notice] 29#29: gracefully shutting down
2025/03/19 19:34:44 [notice] 35#35: gracefully shutting down
2025/03/19 19:34:44 [notice] 35#35: exiting
2025/03/19 19:34:44 [notice] 28#28: gracefully shutting down
2025/03/19 19:34:44 [notice] 30#30: gracefully shutting down
2025/03/19 19:34:44 [notice] 33#33: gracefully shutting down
2025/03/19 19:34:44 [notice] 32#32: gracefully shutting down
2025/03/19 19:34:44 [notice] 31#31: gracefully shutting down
2025/03/19 19:34:44 [notice] 33#33: exiting
2025/03/19 19:34:44 [notice] 28#28: exiting
2025/03/19 19:34:44 [notice] 34#34: gracefully shutting down
2025/03/19 19:34:44 [notice] 29#29: exiting
2025/03/19 19:34:44 [notice] 28#28: exit
2025/03/19 19:34:44 [notice] 35#35: exit
2025/03/19 19:34:44 [notice] 33#33: exit
2025/03/19 19:34:44 [notice] 31#31: exiting
2025/03/19 19:34:44 [notice] 31#31: exit
2025/03/19 19:34:44 [notice] 30#30: exiting
2025/03/19 19:34:44 [notice] 29#29: exit
2025/03/19 19:34:44 [notice] 34#34: exiting
2025/03/19 19:34:44 [notice] 34#34: exit
2025/03/19 19:34:44 [notice] 32#32: exiting
2025/03/19 19:34:44 [notice] 30#30: exit
2025/03/19 19:34:44 [notice] 32#32: exit
2025/03/19 19:34:44 [notice] 1#1: signal 17 (SIGCHLD) received from 31
2025/03/19 19:34:44 [notice] 1#1: worker process 28 exited with code 0
2025/03/19 19:34:44 [notice] 1#1: worker process 29 exited with code 0
2025/03/19 19:34:44 [notice] 1#1: worker process 30 exited with code 0
2025/03/19 19:34:44 [notice] 1#1: worker process 31 exited with code 0
2025/03/19 19:34:44 [notice] 1#1: worker process 32 exited with code 0
2025/03/19 19:34:44 [notice] 1#1: worker process 33 exited with code 0
2025/03/19 19:34:44 [notice] 1#1: worker process 34 exited with code 0
2025/03/19 19:34:44 [notice] 1#1: worker process 35 exited with code 0
2025/03/19 19:34:44 [notice] 1#1: exit
2025/03/20 06:09:36 [notice] 1#1: using the "epoll" event method
2025/03/20 06:09:36 [notice] 1#1: nginx/1.27.4
2025/03/20 06:09:36 [notice] 1#1: built by gcc 14.2.0 (Alpine 14.2.0) 
2025/03/20 06:09:36 [notice] 1#1: OS: Linux 6.10.14-linuxkit
2025/03/20 06:09:36 [notice] 1#1: getrlimit(RLIMIT_NOFILE): 1048576:1048576
2025/03/20 06:09:36 [notice] 1#1: start worker processes
2025/03/20 06:09:36 [notice] 1#1: start worker process 29
2025/03/20 06:09:36 [notice] 1#1: start worker process 30
2025/03/20 06:09:36 [notice] 1#1: start worker process 31
2025/03/20 06:09:36 [notice] 1#1: start worker process 32
2025/03/20 06:09:36 [notice] 1#1: start worker process 33
2025/03/20 06:09:36 [notice] 1#1: start worker process 34
2025/03/20 06:09:36 [notice] 1#1: start worker process 35
2025/03/20 06:09:36 [notice] 1#1: start worker process 36
2025/03/20 18:51:31 [notice] 1#1: signal 3 (SIGQUIT) received, shutting down
2025/03/20 18:51:31 [notice] 29#29: gracefully shutting down
2025/03/20 18:51:31 [notice] 32#32: gracefully shutting down
2025/03/20 18:51:31 [notice] 34#34: gracefully shutting down
2025/03/20 18:51:31 [notice] 31#31: gracefully shutting down
2025/03/20 18:51:31 [notice] 33#33: gracefully shutting down
2025/03/20 18:51:31 [notice] 35#35: gracefully shutting down
2025/03/20 18:51:31 [notice] 34#34: exiting
2025/03/20 18:51:31 [notice] 29#29: exiting
2025/03/20 18:51:31 [notice] 36#36: gracefully shutting down
2025/03/20 18:51:31 [notice] 30#30: gracefully shutting down
2025/03/20 18:51:31 [notice] 32#32: exiting
2025/03/20 18:51:31 [notice] 32#32: exit
2025/03/20 18:51:31 [notice] 31#31: exiting
2025/03/20 18:51:31 [notice] 33#33: exiting
2025/03/20 18:51:31 [notice] 33#33: exit
2025/03/20 18:51:31 [notice] 34#34: exit
2025/03/20 18:51:31 [notice] 35#35: exiting
2025/03/20 18:51:31 [notice] 36#36: exiting
2025/03/20 18:51:31 [notice] 35#35: exit
2025/03/20 18:51:31 [notice] 29#29: exit
2025/03/20 18:51:31 [notice] 30#30: exiting
2025/03/20 18:51:31 [notice] 30#30: exit
2025/03/20 18:51:31 [notice] 31#31: exit
2025/03/20 18:51:31 [notice] 36#36: exit
2025/03/20 18:51:31 [notice] 1#1: signal 17 (SIGCHLD) received from 32
2025/03/20 18:51:31 [notice] 1#1: worker process 32 exited with code 0
2025/03/20 18:51:31 [notice] 1#1: signal 29 (SIGIO) received
2025/03/20 18:51:31 [notice] 1#1: signal 17 (SIGCHLD) received from 29
2025/03/20 18:51:31 [notice] 1#1: worker process 29 exited with code 0
2025/03/20 18:51:31 [notice] 1#1: worker process 30 exited with code 0
2025/03/20 18:51:31 [notice] 1#1: worker process 31 exited with code 0
2025/03/20 18:51:31 [notice] 1#1: worker process 33 exited with code 0
2025/03/20 18:51:31 [notice] 1#1: worker process 34 exited with code 0
2025/03/20 18:51:31 [notice] 1#1: worker process 35 exited with code 0
2025/03/20 18:51:31 [notice] 1#1: worker process 36 exited with code 0
2025/03/20 18:51:31 [notice] 1#1: exit
2025/03/21 06:02:00 [notice] 1#1: using the "epoll" event method
2025/03/21 06:02:00 [notice] 1#1: nginx/1.27.4
2025/03/21 06:02:00 [notice] 1#1: built by gcc 14.2.0 (Alpine 14.2.0) 
2025/03/21 06:02:00 [notice] 1#1: OS: Linux 6.10.14-linuxkit
2025/03/21 06:02:00 [notice] 1#1: getrlimit(RLIMIT_NOFILE): 1048576:1048576
2025/03/21 06:02:00 [notice] 1#1: start worker processes
2025/03/21 06:02:00 [notice] 1#1: start worker process 29
2025/03/21 06:02:00 [notice] 1#1: start worker process 30
2025/03/21 06:02:00 [notice] 1#1: start worker process 31
2025/03/21 06:02:00 [notice] 1#1: start worker process 32
2025/03/21 06:02:00 [notice] 1#1: start worker process 33
2025/03/21 06:02:00 [notice] 1#1: start worker process 34
2025/03/21 06:02:00 [notice] 1#1: start worker process 35
2025/03/21 06:02:00 [notice] 1#1: start worker process 36
2025/03/21 14:58:39 [notice] 1#1: signal 3 (SIGQUIT) received, shutting down
2025/03/21 14:58:39 [notice] 30#30: gracefully shutting down
2025/03/21 14:58:39 [notice] 31#31: gracefully shutting down
2025/03/21 14:58:39 [notice] 30#30: exiting
2025/03/21 14:58:39 [notice] 29#29: gracefully shutting down
2025/03/21 14:58:39 [notice] 29#29: exiting
2025/03/21 14:58:39 [notice] 32#32: gracefully shutting down
2025/03/21 14:58:39 [notice] 35#35: gracefully shutting down
2025/03/21 14:58:39 [notice] 36#36: gracefully shutting down
2025/03/21 14:58:39 [notice] 33#33: gracefully shutting down
2025/03/21 14:58:39 [notice] 36#36: exiting
2025/03/21 14:58:39 [notice] 34#34: gracefully shutting down
2025/03/21 14:58:39 [notice] 31#31: exiting
2025/03/21 14:58:39 [notice] 30#30: exit
2025/03/21 14:58:39 [notice] 29#29: exit
2025/03/21 14:58:39 [notice] 32#32: exiting
2025/03/21 14:58:39 [notice] 35#35: exiting
2025/03/21 14:58:39 [notice] 33#33: exiting
2025/03/21 14:58:39 [notice] 36#36: exit
2025/03/21 14:58:39 [notice] 34#34: exiting
2025/03/21 14:58:39 [notice] 31#31: exit
2025/03/21 14:58:39 [notice] 32#32: exit
2025/03/21 14:58:39 [notice] 35#35: exit
2025/03/21 14:58:39 [notice] 33#33: exit
2025/03/21 14:58:39 [notice] 34#34: exit
2025/03/21 14:58:39 [notice] 1#1: signal 17 (SIGCHLD) received from 34
2025/03/21 14:58:39 [notice] 1#1: worker process 30 exited with code 0
2025/03/21 14:58:39 [notice] 1#1: worker process 32 exited with code 0
2025/03/21 14:58:39 [notice] 1#1: worker process 34 exited with code 0
2025/03/21 14:58:39 [notice] 1#1: signal 29 (SIGIO) received
2025/03/21 14:58:39 [notice] 1#1: signal 17 (SIGCHLD) received from 32
2025/03/21 14:58:39 [notice] 1#1: signal 17 (SIGCHLD) received from 33
2025/03/21 14:58:39 [notice] 1#1: worker process 29 exited with code 0
2025/03/21 14:58:39 [notice] 1#1: worker process 31 exited with code 0
2025/03/21 14:58:39 [notice] 1#1: worker process 33 exited with code 0
2025/03/21 14:58:39 [notice] 1#1: worker process 35 exited with code 0
2025/03/21 14:58:39 [notice] 1#1: worker process 36 exited with code 0
2025/03/21 14:58:39 [notice] 1#1: exit
2025/03/30 06:11:05 [notice] 1#1: using the "epoll" event method
2025/03/30 06:11:05 [notice] 1#1: nginx/1.27.4
2025/03/30 06:11:05 [notice] 1#1: built by gcc 14.2.0 (Alpine 14.2.0) 
2025/03/30 06:11:05 [notice] 1#1: OS: Linux 6.10.14-linuxkit
2025/03/30 06:11:05 [notice] 1#1: getrlimit(RLIMIT_NOFILE): 1048576:1048576
2025/03/30 06:11:05 [notice] 1#1: start worker processes
2025/03/30 06:11:05 [notice] 1#1: start worker process 29
2025/03/30 06:11:05 [notice] 1#1: start worker process 30
2025/03/30 06:11:05 [notice] 1#1: start worker process 31
2025/03/30 06:11:05 [notice] 1#1: start worker process 32
2025/03/30 06:11:05 [notice] 1#1: start worker process 33
2025/03/30 06:11:05 [notice] 1#1: start worker process 34
2025/03/30 06:11:05 [notice] 1#1: start worker process 35
2025/03/30 06:11:05 [notice] 1#1: start worker process 36
2025/03/30 10:41:05 [notice] 1#1: signal 3 (SIGQUIT) received, shutting down
2025/03/30 10:41:06 [notice] 29#29: gracefully shutting down
2025/03/30 10:41:06 [notice] 36#36: gracefully shutting down
2025/03/30 10:41:06 [notice] 35#35: gracefully shutting down
2025/03/30 10:41:06 [notice] 34#34: gracefully shutting down
2025/03/30 10:41:06 [notice] 31#31: gracefully shutting down
2025/03/30 10:41:06 [notice] 31#31: exiting
2025/03/30 10:41:06 [notice] 32#32: gracefully shutting down
2025/03/30 10:41:06 [notice] 32#32: exiting
2025/03/30 10:41:06 [notice] 33#33: gracefully shutting down
2025/03/30 10:41:06 [notice] 29#29: exiting
2025/03/30 10:41:06 [notice] 30#30: gracefully shutting down
2025/03/30 10:41:06 [notice] 36#36: exiting
2025/03/30 10:41:06 [notice] 35#35: exiting
2025/03/30 10:41:06 [notice] 36#36: exit
2025/03/30 10:41:06 [notice] 34#34: exiting
2025/03/30 10:41:06 [notice] 31#31: exit
2025/03/30 10:41:06 [notice] 32#32: exit
2025/03/30 10:41:06 [notice] 33#33: exiting
2025/03/30 10:41:06 [notice] 33#33: exit
2025/03/30 10:41:06 [notice] 29#29: exit
2025/03/30 10:41:06 [notice] 30#30: exiting
2025/03/30 10:41:06 [notice] 35#35: exit
2025/03/30 10:41:06 [notice] 30#30: exit
2025/03/30 10:41:06 [notice] 34#34: exit
2025/03/30 10:41:06 [notice] 1#1: signal 17 (SIGCHLD) received from 31
2025/03/30 10:41:06 [notice] 1#1: worker process 31 exited with code 0
2025/03/30 10:41:06 [notice] 1#1: worker process 36 exited with code 0
2025/03/30 10:41:06 [notice] 1#1: signal 29 (SIGIO) received
2025/03/30 10:41:06 [notice] 1#1: signal 17 (SIGCHLD) received from 36
2025/03/30 10:41:06 [notice] 1#1: signal 17 (SIGCHLD) received from 35
2025/03/30 10:41:06 [notice] 1#1: worker process 29 exited with code 0
2025/03/30 10:41:06 [notice] 1#1: worker process 30 exited with code 0
2025/03/30 10:41:06 [notice] 1#1: worker process 32 exited with code 0
2025/03/30 10:41:06 [notice] 1#1: worker process 33 exited with code 0
2025/03/30 10:41:06 [notice] 1#1: worker process 34 exited with code 0
2025/03/30 10:41:06 [notice] 1#1: worker process 35 exited with code 0
2025/03/30 10:41:06 [notice] 1#1: exit
2025/03/30 10:41:07 [notice] 1#1: using the "epoll" event method
2025/03/30 10:41:07 [notice] 1#1: nginx/1.27.4
2025/03/30 10:41:07 [notice] 1#1: built by gcc 14.2.0 (Alpine 14.2.0) 
2025/03/30 10:41:07 [notice] 1#1: OS: Linux 6.10.14-linuxkit
2025/03/30 10:41:07 [notice] 1#1: getrlimit(RLIMIT_NOFILE): 1048576:1048576
2025/03/30 10:41:07 [notice] 1#1: start worker processes
2025/03/30 10:41:07 [notice] 1#1: start worker process 29
2025/03/30 10:41:07 [notice] 1#1: start worker process 30
2025/03/30 10:41:07 [notice] 1#1: start worker process 31
2025/03/30 10:41:07 [notice] 1#1: start worker process 32
2025/03/30 10:41:07 [notice] 1#1: start worker process 33
2025/03/30 10:41:07 [notice] 1#1: start worker process 34
2025/03/30 10:41:07 [notice] 1#1: start worker process 35
2025/03/30 10:41:07 [notice] 1#1: start worker process 36
2025/03/30 12:51:41 [notice] 1#1: signal 3 (SIGQUIT) received, shutting down
2025/03/30 12:51:41 [notice] 29#29: gracefully shutting down
2025/03/30 12:51:41 [notice] 30#30: gracefully shutting down
2025/03/30 12:51:41 [notice] 30#30: exiting
2025/03/30 12:51:41 [notice] 31#31: gracefully shutting down
2025/03/30 12:51:41 [notice] 32#32: gracefully shutting down
2025/03/30 12:51:41 [notice] 31#31: exiting
2025/03/30 12:51:41 [notice] 33#33: gracefully shutting down
2025/03/30 12:51:41 [notice] 34#34: gracefully shutting down
2025/03/30 12:51:41 [notice] 35#35: gracefully shutting down
2025/03/30 12:51:41 [notice] 29#29: exiting
2025/03/30 12:51:41 [notice] 36#36: gracefully shutting down
2025/03/30 12:51:41 [notice] 30#30: exit
2025/03/30 12:51:41 [notice] 36#36: exiting
2025/03/30 12:51:41 [notice] 32#32: exiting
2025/03/30 12:51:41 [notice] 31#31: exit
2025/03/30 12:51:41 [notice] 33#33: exiting
2025/03/30 12:51:41 [notice] 33#33: exit
2025/03/30 12:51:41 [notice] 34#34: exiting
2025/03/30 12:51:41 [notice] 34#34: exit
2025/03/30 12:51:41 [notice] 35#35: exiting
2025/03/30 12:51:41 [notice] 29#29: exit
2025/03/30 12:51:41 [notice] 36#36: exit
2025/03/30 12:51:41 [notice] 32#32: exit
2025/03/30 12:51:41 [notice] 35#35: exit
2025/03/30 12:51:41 [notice] 1#1: signal 17 (SIGCHLD) received from 29
2025/03/30 12:51:41 [notice] 1#1: worker process 29 exited with code 0
2025/03/30 12:51:41 [notice] 1#1: worker process 30 exited with code 0
2025/03/30 12:51:41 [notice] 1#1: worker process 31 exited with code 0
2025/03/30 12:51:41 [notice] 1#1: worker process 32 exited with code 0
2025/03/30 12:51:41 [notice] 1#1: worker process 33 exited with code 0
2025/03/30 12:51:41 [notice] 1#1: worker process 34 exited with code 0
2025/03/30 12:51:41 [notice] 1#1: signal 29 (SIGIO) received
2025/03/30 12:51:41 [notice] 1#1: signal 17 (SIGCHLD) received from 36
2025/03/30 12:51:41 [notice] 1#1: worker process 35 exited with code 0
2025/03/30 12:51:41 [notice] 1#1: worker process 36 exited with code 0
2025/03/30 12:51:41 [notice] 1#1: exit
2025/03/30 12:51:42 [notice] 1#1: using the "epoll" event method
2025/03/30 12:51:42 [notice] 1#1: nginx/1.27.4
2025/03/30 12:51:42 [notice] 1#1: built by gcc 14.2.0 (Alpine 14.2.0) 
2025/03/30 12:51:42 [notice] 1#1: OS: Linux 6.10.14-linuxkit
2025/03/30 12:51:42 [notice] 1#1: getrlimit(RLIMIT_NOFILE): 1048576:1048576
2025/03/30 12:51:42 [notice] 1#1: start worker processes
2025/03/30 12:51:42 [notice] 1#1: start worker process 29
2025/03/30 12:51:42 [notice] 1#1: start worker process 30
2025/03/30 12:51:42 [notice] 1#1: start worker process 31
2025/03/30 12:51:42 [notice] 1#1: start worker process 32
2025/03/30 12:51:42 [notice] 1#1: start worker process 33
2025/03/30 12:51:42 [notice] 1#1: start worker process 34
2025/03/30 12:51:42 [notice] 1#1: start worker process 35
2025/03/30 12:51:42 [notice] 1#1: start worker process 36
2025/03/30 14:37:28 [notice] 1#1: signal 3 (SIGQUIT) received, shutting down
2025/03/30 14:37:28 [notice] 29#29: gracefully shutting down
2025/03/30 14:37:28 [notice] 31#31: gracefully shutting down
2025/03/30 14:37:28 [notice] 32#32: gracefully shutting down
2025/03/30 14:37:28 [notice] 33#33: gracefully shutting down
2025/03/30 14:37:28 [notice] 34#34: gracefully shutting down
2025/03/30 14:37:28 [notice] 34#34: exiting
2025/03/30 14:37:28 [notice] 30#30: gracefully shutting down
2025/03/30 14:37:28 [notice] 29#29: exiting
2025/03/30 14:37:28 [notice] 29#29: exit
2025/03/30 14:37:28 [notice] 35#35: gracefully shutting down
2025/03/30 14:37:28 [notice] 36#36: gracefully shutting down
2025/03/30 14:37:28 [notice] 32#32: exiting
2025/03/30 14:37:28 [notice] 32#32: exit
2025/03/30 14:37:28 [notice] 31#31: exiting
2025/03/30 14:37:28 [notice] 31#31: exit
2025/03/30 14:37:28 [notice] 33#33: exiting
2025/03/30 14:37:28 [notice] 34#34: exit
2025/03/30 14:37:28 [notice] 30#30: exiting
2025/03/30 14:37:28 [notice] 30#30: exit
2025/03/30 14:37:28 [notice] 35#35: exiting
2025/03/30 14:37:28 [notice] 36#36: exiting
2025/03/30 14:37:28 [notice] 35#35: exit
2025/03/30 14:37:28 [notice] 33#33: exit
2025/03/30 14:37:28 [notice] 36#36: exit
2025/03/30 14:37:28 [notice] 1#1: signal 17 (SIGCHLD) received from 29
2025/03/30 14:37:28 [notice] 1#1: worker process 29 exited with code 0
2025/03/30 14:37:28 [notice] 1#1: worker process 32 exited with code 0
2025/03/30 14:37:28 [notice] 1#1: signal 29 (SIGIO) received
2025/03/30 14:37:28 [notice] 1#1: signal 17 (SIGCHLD) received from 32
2025/03/30 14:37:28 [notice] 1#1: signal 17 (SIGCHLD) received from 30
2025/03/30 14:37:28 [notice] 1#1: worker process 30 exited with code 0
2025/03/30 14:37:29 [notice] 1#1: signal 29 (SIGIO) received
2025/03/30 14:37:29 [notice] 1#1: signal 17 (SIGCHLD) received from 34
2025/03/30 14:37:29 [notice] 1#1: worker process 31 exited with code 0
2025/03/30 14:37:29 [notice] 1#1: worker process 33 exited with code 0
2025/03/30 14:37:29 [notice] 1#1: worker process 34 exited with code 0
2025/03/30 14:37:29 [notice] 1#1: worker process 35 exited with code 0
2025/03/30 14:37:29 [notice] 1#1: worker process 36 exited with code 0
2025/03/30 14:37:29 [notice] 1#1: exit
2025/04/04 15:38:12 [notice] 1#1: using the "epoll" event method
2025/04/04 15:38:12 [notice] 1#1: nginx/1.27.4
2025/04/04 15:38:12 [notice] 1#1: built by gcc 14.2.0 (Alpine 14.2.0) 
2025/04/04 15:38:12 [notice] 1#1: OS: Linux 6.10.14-linuxkit
2025/04/04 15:38:12 [notice] 1#1: getrlimit(RLIMIT_NOFILE): 1048576:1048576
2025/04/04 15:38:12 [notice] 1#1: start worker processes
2025/04/04 15:38:12 [notice] 1#1: start worker process 30
2025/04/04 15:38:12 [notice] 1#1: start worker process 31
2025/04/04 15:38:12 [notice] 1#1: start worker process 32
2025/04/04 15:38:12 [notice] 1#1: start worker process 33
2025/04/04 15:38:12 [notice] 1#1: start worker process 34
2025/04/04 15:38:12 [notice] 1#1: start worker process 35
2025/04/04 15:38:12 [notice] 1#1: start worker process 36
2025/04/04 15:38:12 [notice] 1#1: start worker process 37
2025/04/04 16:13:02 [error] 31#31: *48 upstream timed out (110: Operation timed out) while reading response header from upstream, client: 172.20.0.1, server: localhost, request: "GET /courts/parse HTTP/1.1", upstream: "fastcgi://172.20.0.5:9000", host: "localhost", referrer: "http://localhost/courts/parse"
2025/04/04 16:14:58 [error] 31#31: *67 upstream timed out (110: Operation timed out) while reading response header from upstream, client: 172.20.0.1, server: localhost, request: "GET /courts/parse HTTP/1.1", upstream: "fastcgi://172.20.0.5:9000", host: "localhost"
2025/04/04 17:18:53 [error] 35#35: *171 upstream timed out (110: Operation timed out) while reading response header from upstream, client: 172.20.0.1, server: localhost, request: "GET /courts/parse HTTP/1.1", upstream: "fastcgi://172.20.0.5:9000", host: "localhost"
2025/04/04 17:20:28 [error] 35#35: *175 upstream timed out (110: Operation timed out) while reading response header from upstream, client: 172.20.0.1, server: localhost, request: "GET /courts/parse HTTP/1.1", upstream: "fastcgi://172.20.0.5:9000", host: "localhost"
2025/04/04 17:21:35 [error] 35#35: *177 upstream timed out (110: Operation timed out) while reading response header from upstream, client: 172.20.0.1, server: localhost, request: "GET /courts/parse HTTP/1.1", upstream: "fastcgi://172.20.0.5:9000", host: "localhost"
2025/04/04 17:26:26 [error] 35#35: *180 upstream timed out (110: Operation timed out) while reading response header from upstream, client: 172.20.0.1, server: localhost, request: "GET /courts/parse HTTP/1.1", upstream: "fastcgi://172.20.0.5:9000", host: "localhost"
2025/04/04 17:30:39 [error] 35#35: *184 upstream timed out (110: Operation timed out) while reading response header from upstream, client: 172.20.0.1, server: localhost, request: "GET /courts/parse HTTP/1.1", upstream: "fastcgi://172.20.0.5:9000", host: "localhost"
2025/04/04 17:37:14 [error] 35#35: *186 upstream timed out (110: Operation timed out) while reading response header from upstream, client: 172.20.0.1, server: localhost, request: "GET /courts/parse HTTP/1.1", upstream: "fastcgi://172.20.0.5:9000", host: "localhost"
2025/04/04 17:58:05 [notice] 1#1: signal 3 (SIGQUIT) received, shutting down
2025/04/04 17:58:05 [notice] 34#34: gracefully shutting down
2025/04/04 17:58:05 [notice] 31#31: gracefully shutting down
2025/04/04 17:58:05 [notice] 37#37: gracefully shutting down
2025/04/04 17:58:05 [notice] 36#36: gracefully shutting down
2025/04/04 17:58:05 [notice] 33#33: gracefully shutting down
2025/04/04 17:58:05 [notice] 30#30: gracefully shutting down
2025/04/04 17:58:05 [notice] 34#34: exiting
2025/04/04 17:58:05 [notice] 31#31: exiting
2025/04/04 17:58:05 [notice] 36#36: exiting
2025/04/04 17:58:05 [notice] 32#32: gracefully shutting down
2025/04/04 17:58:05 [notice] 30#30: exiting
2025/04/04 17:58:05 [notice] 30#30: exit
2025/04/04 17:58:05 [notice] 36#36: exit
2025/04/04 17:58:05 [notice] 35#35: gracefully shutting down
2025/04/04 17:58:05 [notice] 33#33: exiting
2025/04/04 17:58:05 [notice] 33#33: exit
2025/04/04 17:58:05 [notice] 31#31: exit
2025/04/04 17:58:05 [notice] 34#34: exit
2025/04/04 17:58:05 [notice] 37#37: exiting
2025/04/04 17:58:05 [notice] 32#32: exiting
2025/04/04 17:58:05 [notice] 32#32: exit
2025/04/04 17:58:05 [notice] 35#35: exiting
2025/04/04 17:58:05 [notice] 35#35: exit
2025/04/04 17:58:05 [notice] 37#37: exit
2025/04/04 17:58:05 [notice] 1#1: signal 17 (SIGCHLD) received from 30
2025/04/04 17:58:05 [notice] 1#1: worker process 30 exited with code 0
2025/04/04 17:58:05 [notice] 1#1: signal 29 (SIGIO) received
2025/04/04 17:58:05 [notice] 1#1: signal 17 (SIGCHLD) received from 34
2025/04/04 17:58:05 [notice] 1#1: worker process 31 exited with code 0
2025/04/04 17:58:05 [notice] 1#1: worker process 33 exited with code 0
2025/04/04 17:58:05 [notice] 1#1: worker process 34 exited with code 0
2025/04/04 17:58:05 [notice] 1#1: signal 29 (SIGIO) received
2025/04/04 17:58:06 [notice] 1#1: signal 17 (SIGCHLD) received from 36
2025/04/04 17:58:06 [notice] 1#1: worker process 36 exited with code 0
2025/04/04 17:58:06 [notice] 1#1: signal 29 (SIGIO) received
2025/04/04 17:58:06 [notice] 1#1: signal 17 (SIGCHLD) received from 35
2025/04/04 17:58:06 [notice] 1#1: worker process 32 exited with code 0
2025/04/04 17:58:06 [notice] 1#1: worker process 35 exited with code 0
2025/04/04 17:58:06 [notice] 1#1: worker process 37 exited with code 0
2025/04/04 17:58:06 [notice] 1#1: exit
2025/04/08 14:19:53 [notice] 1#1: using the "epoll" event method
2025/04/08 14:19:53 [notice] 1#1: nginx/1.27.4
2025/04/08 14:19:53 [notice] 1#1: built by gcc 14.2.0 (Alpine 14.2.0) 
2025/04/08 14:19:53 [notice] 1#1: OS: Linux 6.10.14-linuxkit
2025/04/08 14:19:53 [notice] 1#1: getrlimit(RLIMIT_NOFILE): 1048576:1048576
2025/04/08 14:19:53 [notice] 1#1: start worker processes
2025/04/08 14:19:53 [notice] 1#1: start worker process 29
2025/04/08 14:19:53 [notice] 1#1: start worker process 30
2025/04/08 14:19:53 [notice] 1#1: start worker process 31
2025/04/08 14:19:53 [notice] 1#1: start worker process 32
2025/04/08 14:19:53 [notice] 1#1: start worker process 33
2025/04/08 14:19:53 [notice] 1#1: start worker process 34
2025/04/08 14:19:53 [notice] 1#1: start worker process 35
2025/04/08 14:19:53 [notice] 1#1: start worker process 36
2025/04/08 17:57:20 [error] 31#31: *5 upstream timed out (110: Operation timed out) while reading response header from upstream, client: 172.20.0.1, server: localhost, request: "GET /courts/parse HTTP/1.1", upstream: "fastcgi://172.20.0.3:9000", host: "localhost"
2025/04/08 17:59:13 [error] 33#33: *8 upstream timed out (110: Operation timed out) while reading response header from upstream, client: 172.20.0.1, server: localhost, request: "GET /courts/parse HTTP/1.1", upstream: "fastcgi://172.20.0.3:9000", host: "localhost"
2025/04/08 18:26:39 [error] 29#29: *25 upstream timed out (110: Operation timed out) while reading response header from upstream, client: 172.20.0.1, server: localhost, request: "GET /courts/parse HTTP/1.1", upstream: "fastcgi://172.20.0.3:9000", host: "localhost"
2025/04/08 18:29:58 [error] 29#29: *32 upstream timed out (110: Operation timed out) while reading response header from upstream, client: 172.20.0.1, server: localhost, request: "GET /courts/parse HTTP/1.1", upstream: "fastcgi://172.20.0.3:9000", host: "localhost"
2025/04/08 19:02:16 [error] 30#30: *53 upstream timed out (110: Operation timed out) while reading response header from upstream, client: 172.20.0.1, server: localhost, request: "GET /courts/parse HTTP/1.1", upstream: "fastcgi://172.20.0.3:9000", host: "localhost"
2025/04/08 21:04:39 [notice] 1#1: signal 3 (SIGQUIT) received, shutting down
2025/04/08 21:04:39 [notice] 30#30: gracefully shutting down
2025/04/08 21:04:39 [notice] 30#30: exiting
2025/04/08 21:04:39 [notice] 29#29: gracefully shutting down
2025/04/08 21:04:39 [notice] 29#29: exiting
2025/04/08 21:04:39 [notice] 31#31: gracefully shutting down
2025/04/08 21:04:39 [notice] 33#33: gracefully shutting down
2025/04/08 21:04:39 [notice] 32#32: gracefully shutting down
2025/04/08 21:04:39 [notice] 33#33: exiting
2025/04/08 21:04:39 [notice] 32#32: exiting
2025/04/08 21:04:39 [notice] 34#34: gracefully shutting down
2025/04/08 21:04:39 [notice] 34#34: exiting
2025/04/08 21:04:39 [notice] 35#35: gracefully shutting down
2025/04/08 21:04:39 [notice] 35#35: exiting
2025/04/08 21:04:39 [notice] 36#36: gracefully shutting down
2025/04/08 21:04:39 [notice] 30#30: exit
2025/04/08 21:04:39 [notice] 36#36: exiting
2025/04/08 21:04:39 [notice] 29#29: exit
2025/04/08 21:04:39 [notice] 31#31: exiting
2025/04/08 21:04:39 [notice] 31#31: exit
2025/04/08 21:04:39 [notice] 33#33: exit
2025/04/08 21:04:39 [notice] 32#32: exit
2025/04/08 21:04:39 [notice] 34#34: exit
2025/04/08 21:04:39 [notice] 35#35: exit
2025/04/08 21:04:39 [notice] 36#36: exit
2025/04/08 21:04:39 [notice] 1#1: signal 17 (SIGCHLD) received from 29
2025/04/08 21:04:39 [notice] 1#1: worker process 29 exited with code 0
2025/04/08 21:04:39 [notice] 1#1: signal 29 (SIGIO) received
2025/04/08 21:04:39 [notice] 1#1: signal 17 (SIGCHLD) received from 30
2025/04/08 21:04:39 [notice] 1#1: worker process 30 exited with code 0
2025/04/08 21:04:39 [notice] 1#1: signal 29 (SIGIO) received
2025/04/08 21:04:39 [notice] 1#1: signal 17 (SIGCHLD) received from 36
2025/04/08 21:04:39 [notice] 1#1: worker process 31 exited with code 0
2025/04/08 21:04:39 [notice] 1#1: worker process 32 exited with code 0
2025/04/08 21:04:39 [notice] 1#1: worker process 33 exited with code 0
2025/04/08 21:04:39 [notice] 1#1: worker process 34 exited with code 0
2025/04/08 21:04:39 [notice] 1#1: worker process 35 exited with code 0
2025/04/08 21:04:39 [notice] 1#1: worker process 36 exited with code 0
2025/04/08 21:04:39 [notice] 1#1: exit
2025/04/09 08:20:06 [notice] 1#1: using the "epoll" event method
2025/04/09 08:20:06 [notice] 1#1: nginx/1.27.4
2025/04/09 08:20:06 [notice] 1#1: built by gcc 14.2.0 (Alpine 14.2.0) 
2025/04/09 08:20:06 [notice] 1#1: OS: Linux 6.10.14-linuxkit
2025/04/09 08:20:06 [notice] 1#1: getrlimit(RLIMIT_NOFILE): 1048576:1048576
2025/04/09 08:20:06 [notice] 1#1: start worker processes
2025/04/09 08:20:06 [notice] 1#1: start worker process 29
2025/04/09 08:20:06 [notice] 1#1: start worker process 30
2025/04/09 08:20:06 [notice] 1#1: start worker process 31
2025/04/09 08:20:06 [notice] 1#1: start worker process 32
2025/04/09 08:20:06 [notice] 1#1: start worker process 33
2025/04/09 08:20:06 [notice] 1#1: start worker process 34
2025/04/09 08:20:06 [notice] 1#1: start worker process 35
2025/04/09 08:20:06 [notice] 1#1: start worker process 36
2025/04/10 08:38:40 [notice] 1#1: using the "epoll" event method
2025/04/10 08:38:40 [notice] 1#1: nginx/1.27.4
2025/04/10 08:38:40 [notice] 1#1: built by gcc 14.2.0 (Alpine 14.2.0) 
2025/04/10 08:38:40 [notice] 1#1: OS: Linux 6.10.14-linuxkit
2025/04/10 08:38:40 [notice] 1#1: getrlimit(RLIMIT_NOFILE): 1048576:1048576
2025/04/10 08:38:40 [notice] 1#1: start worker processes
2025/04/10 08:38:40 [notice] 1#1: start worker process 29
2025/04/10 08:38:40 [notice] 1#1: start worker process 30
2025/04/10 08:38:40 [notice] 1#1: start worker process 31
2025/04/10 08:38:40 [notice] 1#1: start worker process 32
2025/04/10 08:38:40 [notice] 1#1: start worker process 33
2025/04/10 08:38:40 [notice] 1#1: start worker process 34
2025/04/10 08:38:40 [notice] 1#1: start worker process 35
2025/04/10 08:38:40 [notice] 1#1: start worker process 36
2025/04/10 10:33:55 [notice] 1#1: using the "epoll" event method
2025/04/10 10:33:55 [notice] 1#1: nginx/1.27.4
2025/04/10 10:33:55 [notice] 1#1: built by gcc 14.2.0 (Alpine 14.2.0) 
2025/04/10 10:33:55 [notice] 1#1: OS: Linux 6.10.14-linuxkit
2025/04/10 10:33:55 [notice] 1#1: getrlimit(RLIMIT_NOFILE): 1048576:1048576
2025/04/10 10:33:55 [notice] 1#1: start worker processes
2025/04/10 10:33:55 [notice] 1#1: start worker process 29
2025/04/10 10:33:55 [notice] 1#1: start worker process 30
2025/04/10 10:33:55 [notice] 1#1: start worker process 31
2025/04/10 10:33:55 [notice] 1#1: start worker process 32
2025/04/10 10:33:55 [notice] 1#1: start worker process 33
2025/04/10 10:33:55 [notice] 1#1: start worker process 34
2025/04/10 10:33:55 [notice] 1#1: start worker process 35
2025/04/10 10:33:55 [notice] 1#1: start worker process 36
2025/04/10 15:42:27 [notice] 1#1: signal 3 (SIGQUIT) received, shutting down
2025/04/10 15:42:27 [notice] 32#32: gracefully shutting down
2025/04/10 15:42:27 [notice] 34#34: gracefully shutting down
2025/04/10 15:42:27 [notice] 31#31: gracefully shutting down
2025/04/10 15:42:27 [notice] 36#36: gracefully shutting down
2025/04/10 15:42:27 [notice] 34#34: exiting
2025/04/10 15:42:27 [notice] 33#33: gracefully shutting down
2025/04/10 15:42:27 [notice] 29#29: gracefully shutting down
2025/04/10 15:42:27 [notice] 30#30: gracefully shutting down
2025/04/10 15:42:27 [notice] 35#35: gracefully shutting down
2025/04/10 15:42:27 [notice] 31#31: exiting
2025/04/10 15:42:27 [notice] 30#30: exiting
2025/04/10 15:42:27 [notice] 36#36: exiting
2025/04/10 15:42:27 [notice] 32#32: exiting
2025/04/10 15:42:27 [notice] 32#32: exit
2025/04/10 15:42:27 [notice] 29#29: exiting
2025/04/10 15:42:27 [notice] 34#34: exit
2025/04/10 15:42:27 [notice] 33#33: exiting
2025/04/10 15:42:27 [notice] 31#31: exit
2025/04/10 15:42:27 [notice] 29#29: exit
2025/04/10 15:42:27 [notice] 35#35: exiting
2025/04/10 15:42:27 [notice] 30#30: exit
2025/04/10 15:42:27 [notice] 35#35: exit
2025/04/10 15:42:27 [notice] 36#36: exit
2025/04/10 15:42:27 [notice] 33#33: exit
2025/04/10 15:42:28 [notice] 1#1: signal 17 (SIGCHLD) received from 35
2025/04/10 15:42:28 [notice] 1#1: worker process 29 exited with code 0
2025/04/10 15:42:28 [notice] 1#1: worker process 30 exited with code 0
2025/04/10 15:42:28 [notice] 1#1: worker process 31 exited with code 0
2025/04/10 15:42:28 [notice] 1#1: worker process 32 exited with code 0
2025/04/10 15:42:28 [notice] 1#1: worker process 33 exited with code 0
2025/04/10 15:42:28 [notice] 1#1: worker process 34 exited with code 0
2025/04/10 15:42:28 [notice] 1#1: worker process 35 exited with code 0
2025/04/10 15:42:28 [notice] 1#1: signal 29 (SIGIO) received
2025/04/10 15:42:28 [notice] 1#1: signal 17 (SIGCHLD) received from 34
2025/04/10 15:42:28 [notice] 1#1: signal 17 (SIGCHLD) received from 36
2025/04/10 15:42:28 [notice] 1#1: worker process 36 exited with code 0
2025/04/10 15:42:28 [notice] 1#1: exit
2025/04/10 16:54:51 [notice] 1#1: using the "epoll" event method
2025/04/10 16:54:51 [notice] 1#1: nginx/1.27.4
2025/04/10 16:54:51 [notice] 1#1: built by gcc 14.2.0 (Alpine 14.2.0) 
2025/04/10 16:54:51 [notice] 1#1: OS: Linux 6.10.14-linuxkit
2025/04/10 16:54:51 [notice] 1#1: getrlimit(RLIMIT_NOFILE): 1048576:1048576
2025/04/10 16:54:51 [notice] 1#1: start worker processes
2025/04/10 16:54:51 [notice] 1#1: start worker process 29
2025/04/10 16:54:51 [notice] 1#1: start worker process 30
2025/04/10 16:54:51 [notice] 1#1: start worker process 31
2025/04/10 16:54:51 [notice] 1#1: start worker process 32
2025/04/10 16:54:51 [notice] 1#1: start worker process 33
2025/04/10 16:54:51 [notice] 1#1: start worker process 34
2025/04/10 16:54:51 [notice] 1#1: start worker process 35
2025/04/10 16:54:51 [notice] 1#1: start worker process 36
